Collecting telebot==0.0.5 (from -r requirements.txt (line 1))
  Downloading telebot-0.0.5-py3-none-any.whl.metadata (2.0 kB)
Collecting huggingface_hub==0.27.0 (from -r requirements.txt (line 2))
  Downloading huggingface_hub-0.27.0-py3-none-any.whl.metadata (13 kB)
Collecting Pillow==11.0.0 (from -r requirements.txt (line 3))
  Downloading pillow-11.0.0-cp311-cp311-macosx_10_10_x86_64.whl.metadata (9.1 kB)
Collecting python-dotenv==1.0.1 (from -r requirements.txt (line 4))
  Downloading python_dotenv-1.0.1-py3-none-any.whl.metadata (23 kB)
Collecting pyTelegramBotAPI (from telebot==0.0.5->-r requirements.txt (line 1))
  Downloading pytelegrambotapi-4.25.0-py3-none-any.whl.metadata (48 kB)
Collecting requests (from telebot==0.0.5->-r requirements.txt (line 1))
  Downloading requests-2.32.3-py3-none-any.whl.metadata (4.6 kB)
Collecting filelock (from huggingface_hub==0.27.0->-r requirements.txt (line 2))
  Downloading filelock-3.16.1-py3-none-any.whl.metadata (2.9 kB)
Collecting fsspec>=2023.5.0 (from huggingface_hub==0.27.0->-r requirements.txt (line 2))
  Downloading fsspec-2024.12.0-py3-none-any.whl.metadata (11 kB)
Collecting packaging>=20.9 (from huggingface_hub==0.27.0->-r requirements.txt (line 2))
  Downloading packaging-24.2-py3-none-any.whl.metadata (3.2 kB)
Collecting pyyaml>=5.1 (from huggingface_hub==0.27.0->-r requirements.txt (line 2))
  Downloading PyYAML-6.0.2-cp311-cp311-macosx_10_9_x86_64.whl.metadata (2.1 kB)
Collecting tqdm>=4.42.1 (from huggingface_hub==0.27.0->-r requirements.txt (line 2))
  Downloading tqdm-4.67.1-py3-none-any.whl.metadata (57 kB)
Collecting typing-extensions>=3.7.4.3 (from huggingface_hub==0.27.0->-r requirements.txt (line 2))
  Downloading typing_extensions-4.12.2-py3-none-any.whl.metadata (3.0 kB)
Collecting charset-normalizer<4,>=2 (from requests->telebot==0.0.5->-r requirements.txt (line 1))
  Downloading charset_normalizer-3.4.1-cp311-cp311-macosx_10_9_universal2.whl.metadata (35 kB)
Collecting idna<4,>=2.5 (from requests->telebot==0.0.5->-r requirements.txt (line 1))
  Downloading idna-3.10-py3-none-any.whl.metadata (10 kB)
Collecting urllib3<3,>=1.21.1 (from requests->telebot==0.0.5->-r requirements.txt (line 1))
  Downloading urllib3-2.3.0-py3-none-any.whl.metadata (6.5 kB)
Collecting certifi>=2017.4.17 (from requests->telebot==0.0.5->-r requirements.txt (line 1))
  Downloading certifi-2024.12.14-py3-none-any.whl.metadata (2.3 kB)
Downloading telebot-0.0.5-py3-none-any.whl (4.8 kB)
Downloading huggingface_hub-0.27.0-py3-none-any.whl (450 kB)
Downloading pillow-11.0.0-cp311-cp311-macosx_10_10_x86_64.whl (3.2 MB)
   ━━━━━━━━━━━━━━━━━━━━━━━━━━━━━━━━━━━━━━━━ 3.2/3.2 MB 7.8 MB/s eta 0:00:00
Downloading python_dotenv-1.0.1-py3-none-any.whl (19 kB)
Downloading fsspec-2024.12.0-py3-none-any.whl (183 kB)
Downloading packaging-24.2-py3-none-any.whl (65 kB)
Downloading PyYAML-6.0.2-cp311-cp311-macosx_10_9_x86_64.whl (184 kB)
Downloading tqdm-4.67.1-py3-none-any.whl (78 kB)
Downloading typing_extensions-4.12.2-py3-none-any.whl (37 kB)
Downloading filelock-3.16.1-py3-none-any.whl (16 kB)
Downloading pytelegrambotapi-4.25.0-py3-none-any.whl (269 kB)
Downloading requests-2.32.3-py3-none-any.whl (64 kB)
Downloading certifi-2024.12.14-py3-none-any.whl (164 kB)
Downloading charset_normalizer-3.4.1-cp311-cp311-macosx_10_9_universal2.whl (194 kB)
Downloading idna-3.10-py3-none-any.whl (70 kB)
Downloading urllib3-2.3.0-py3-none-any.whl (128 kB)
Installing collected packages: urllib3, typing-extensions, tqdm, pyyaml, python-dotenv, Pillow, packaging, idna, fsspec, filelock, charset-normalizer, certifi, requests, pyTelegramBotAPI, huggingface_hub, telebot
Successfully installed Pillow-11.0.0 certifi-2024.12.14 charset-normalizer-3.4.1 filelock-3.16.1 fsspec-2024.12.0 huggingface_hub-0.27.0 idna-3.10 packaging-24.2 pyTelegramBotAPI-4.25.0 python-dotenv-1.0.1 pyyaml-6.0.2 requests-2.32.3 telebot-0.0.5 tqdm-4.67.1 typing-extensions-4.12.2 urllib3-2.3.0
